<?xml version="1.0" encoding="UTF-8"?>
<testsuite xmlns:xsi="http://www.w3.org/2001/XMLSchema-instance" xsi:noNamespaceSchemaLocation="https://maven.apache.org/surefire/maven-surefire-plugin/xsd/surefire-test-report-3.0.xsd" version="3.0" name="com.appSinabro.BdOSinabro.BdOSinabroApplicationTests" time="8.251" tests="1" errors="0" skipped="0" failures="0">
  <properties>
[...]
</properties>
  <testcase name="contextLoads" classname="com.appSinabro.BdOSinabro.BdOSinabroApplicationTests" time="0.539">
    <system-out><![CDATA[16:00:17.446 [main] INFO org.springframework.test.context.support.AnnotationConfigContextLoaderUtils -- Could not detect default configuration classes for test class [com.appSinabro.BdOSinabro.BdOSinabroApplicationTests]: BdOSinabroApplicationTests does not declare any static, non-private, non-final, nested classes annotated with @Configuration.
16:00:17.544 [main] INFO org.springframework.boot.test.context.SpringBootTestContextBootstrapper -- Found @SpringBootConfiguration com.appSinabro.BdOSinabro.BdOSinabroApplication for test class com.appSinabro.BdOSinabro.BdOSinabroApplicationTests

  .   ____          _            __ _ _
 /\\ / ___'_ __ _ _(_)_ __  __ _ \ \ \ \
( ( )\___ | '_ | '_| | '_ \/ _` | \ \ \ \
 \\/  ___)| |_)| | | | | || (_| |  ) ) ) )
  '  |____| .__|_| |_|_| |_\__, | / / / /
 =========|_|==============|___/=/_/_/_/

 :: Spring Boot ::                (v3.3.5)

2025-01-15T16:00:17.918+01:00  INFO 18688 --- [           main] c.a.B.BdOSinabroApplicationTests         : Starting BdOSinabroApplicationTests using Java 21.0.4 with PID 18688 (started by Usuario in C:\Users\Usuario\Desktop\Sinabro\BdOSinabro)
2025-01-15T16:00:17.919+01:00  INFO 18688 --- [           main] c.a.B.BdOSinabroApplicationTests         : No active profile set, falling back to 1 default profile: "default"
2025-01-15T16:00:18.554+01:00  INFO 18688 --- [           main] .s.d.r.c.RepositoryConfigurationDelegate : Bootstrapping Spring Data JPA repositories in DEFAULT mode.
2025-01-15T16:00:18.635+01:00  INFO 18688 --- [           main] .s.d.r.c.RepositoryConfigurationDelegate : Finished Spring Data repository scanning in 61 ms. Found 5 JPA repository interfaces.
2025-01-15T16:00:19.072+01:00  INFO 18688 --- [           main] o.hibernate.jpa.internal.util.LogHelper  : HHH000204: Processing PersistenceUnitInfo [name: default]
2025-01-15T16:00:19.128+01:00  INFO 18688 --- [           main] org.hibernate.Version                    : HHH000412: Hibernate ORM core version 6.5.3.Final
2025-01-15T16:00:19.159+01:00  INFO 18688 --- [           main] o.h.c.internal.RegionFactoryInitiator    : HHH000026: Second-level cache disabled
2025-01-15T16:00:19.465+01:00  INFO 18688 --- [           main] o.s.o.j.p.SpringPersistenceUnitInfo      : No LoadTimeWeaver setup: ignoring JPA class transformer
2025-01-15T16:00:19.497+01:00  INFO 18688 --- [           main] com.zaxxer.hikari.HikariDataSource       : HikariCP - Starting...
2025-01-15T16:00:20.932+01:00  INFO 18688 --- [           main] com.zaxxer.hikari.pool.HikariPool        : HikariCP - Added connection org.postgresql.jdbc.PgConnection@31082efa
2025-01-15T16:00:20.934+01:00  INFO 18688 --- [           main] com.zaxxer.hikari.HikariDataSource       : HikariCP - Start completed.
2025-01-15T16:00:20.999+01:00  WARN 18688 --- [           main] org.hibernate.orm.deprecation            : HHH90000025: PostgreSQLDialect does not need to be specified explicitly using 'hibernate.dialect' (remove the property setting and it will be selected by default)
2025-01-15T16:00:21.952+01:00  INFO 18688 --- [           main] o.h.e.t.j.p.i.JtaPlatformInitiator       : HHH000489: No JTA platform available (set 'hibernate.transaction.jta.platform' to enable JTA platform integration)
2025-01-15T16:00:23.584+01:00  INFO 18688 --- [           main] j.LocalContainerEntityManagerFactoryBean : Initialized JPA EntityManagerFactory for persistence unit 'default'
2025-01-15T16:00:23.878+01:00  INFO 18688 --- [           main] o.s.d.j.r.query.QueryEnhancerFactory     : Hibernate is in classpath; If applicable, HQL parser will be used.
2025-01-15T16:00:24.436+01:00  WARN 18688 --- [           main] JpaBaseConfiguration$JpaWebConfiguration : spring.jpa.open-in-view is enabled by default. Therefore, database queries may be performed during view rendering. Explicitly configure spring.jpa.open-in-view to disable this warning
2025-01-15T16:00:24.992+01:00  INFO 18688 --- [           main] c.a.B.BdOSinabroApplicationTests         : Started BdOSinabroApplicationTests in 7.315 seconds (process running for 8.267)
]]></system-out>
    <system-err><![CDATA[WARNING: A Java agent has been loaded dynamically (C:\Users\Usuario\.m2\repository\net\bytebuddy\byte-buddy-agent\1.14.19\byte-buddy-agent-1.14.19.jar)
WARNING: If a serviceability tool is in use, please run with -XX:+EnableDynamicAgentLoading to hide this warning
WARNING: If a serviceability tool is not in use, please run with -Djdk.instrument.traceUsage for more information
WARNING: Dynamic loading of agents will be disallowed by default in a future release
]]></system-err>
  </testcase>
</testsuite>